#
# There is insufficient memory for the Java Runtime Environment to continue.
# Native memory allocation (mmap) failed to map 201326592 bytes for Failed to commit area from 0x0000000741400000 to 0x000000074d400000 of length 201326592.
# Possible reasons:
#   The system is out of physical RAM or swap space
#   The process is running with CompressedOops enabled, and the Java Heap may be blocking the growth of the native heap
# Possible solutions:
#   Reduce memory load on the system
#   Increase physical memory or swap space
#   Check if swap backing store is full
#   Decrease Java heap size (-Xmx/-Xms)
#   Decrease number of Java threads
#   Decrease Java thread stack sizes (-Xss)
#   Set larger code cache with -XX:ReservedCodeCacheSize=
# This output file may be truncated or incomplete.
#
#  Out of Memory Error (./src/hotspot/os/windows/os_windows.cpp:3301), pid=24156, tid=20932
#
# JRE version:  (11.0.11+9) (build )
# Java VM: OpenJDK 64-Bit Server VM (11.0.11+9-b60-7590822, mixed mode, sharing, tiered, compressed oops, g1 gc, windows-amd64)
# No core dump will be written. Minidumps are not enabled by default on client versions of Windows
#

---------------  S U M M A R Y ------------

Command Line: org.jetbrains.git4idea.http.GitAskPassApp Username for 'https://github.com': 

Host: Intel(R) Core(TM) i5-8250U CPU @ 1.60GHz, 8 cores, 11G,  Windows 10 , 64 bit Build 19041 (10.0.19041.1706)
Time: Wed Jun 22 12:00:22 2022 Jordan Daylight Time elapsed time: 0.520097 seconds (0d 0h 0m 0s)

---------------  T H R E A D  ---------------

Current thread (0x000001f55214f000):  JavaThread "Unknown thread" [_thread_in_vm, id=20932, stack(0x0000006f8df00000,0x0000006f8e000000)]

Stack: [0x0000006f8df00000,0x0000006f8e000000]
Native frames: (J=compiled Java code, j=interpreted, Vv=VM code, C=native code)
V  [jvm.dll+0x5f214a]
V  [jvm.dll+0x726fb5]
V  [jvm.dll+0x7285cd]
V  [jvm.dll+0x728c83]
V  [jvm.dll+0x243278]
V  [jvm.dll+0x5ef544]
V  [jvm.dll+0x5e4495]
V  [jvm.dll+0x2fec5b]
V  [jvm.dll+0x2febca]
V  [jvm.dll+0x2feaa2]
V  [jvm.dll+0x303986]
V  [jvm.dll+0x34c3a3]
V  [jvm.dll+0x34caa6]
V  [jvm.dll+0x34c4a3]
V  [jvm.dll+0x2d9688]
V  [jvm.dll+0x2da837]
V  [jvm.dll+0x705ba7]
V  [jvm.dll+0x70739c]
V  [jvm.dll+0x3598f9]
V  [jvm.dll+0x6e931e]
V  [jvm.dll+0x3c1c43]
V  [jvm.dll+0x3c3e81]
C  [jli.dll+0x5373]
C  [ucrtbase.dll+0x21bb2]
C  [KERNEL32.DLL+0x17034]
C  [ntdll.dll+0x52651]


---------------  P R O C E S S  ---------------

Threads class SMR info:
_java_thread_list=0x000001f54ffa0eb0, length=0, elements={
}

Java Threads: ( => current thread )

Other Threads:
  0x000001f552164800 GCTaskThread "GC Thread#0" [stack: 0x0000006f8e000000,0x0000006f8e100000] [id=23916]
  0x000001f5521ad000 ConcurrentGCThread "G1 Main Marker" [stack: 0x0000006f8e100000,0x0000006f8e200000] [id=9652]
  0x000001f5521b0000 ConcurrentGCThread "G1 Conc#0" [stack: 0x0000006f8e200000,0x0000006f8e300000] [id=14972]

[error occurred during error reporting (printing all threads), id 0xc0000005, EXCEPTION_ACCESS_VIOLATION (0xc0000005) at pc=0x00007ff8a4739c47]

VM state:not at safepoint (not fully initialized)

VM Mutex/Monitor currently owned by a thread:  ([mutex/lock_event])
[0x000001f55214af10] Heap_lock - owner thread: 0x000001f55214f000

Heap address: 0x0000000741400000, size: 3052 MB, Compressed Oops mode: Non-zero based: 0x0000000741400000
Narrow klass base: 0x0000000000000000, Narrow klass shift: 0

GC Heap History (0 events):
No events

Deoptimization events (0 events):
No events

Classes redefined (0 events):
No events

Internal exceptions (0 events):
No events

Events (1 events):
Event: 0.021 Loaded shared library C:\Program Files\Android\Android Studio1\jre\bin\zip.dll


Dynamic libraries:
0x00007ff685a60000 - 0x00007ff685a6a000 	C:\Program Files\Android\Android Studio1\jre\bin\java.exe
0x00007ff8ebe10000 - 0x00007ff8ec005000 	C:\Windows\SYSTEM32\ntdll.dll
0x00007ff8e9f10000 - 0x00007ff8e9fcd000 	C:\Windows\System32\KERNEL32.DLL
0x00007ff8e98c0000 - 0x00007ff8e9b8d000 	C:\Windows\System32\KERNELBASE.dll
0x00007ff8e95b0000 - 0x00007ff8e96b0000 	C:\Windows\System32\ucrtbase.dll
0x00007ff8e1b60000 - 0x00007ff8e1b79000 	C:\Program Files\Android\Android Studio1\jre\bin\jli.dll
0x00007ff8e2550000 - 0x00007ff8e2567000 	C:\Program Files\Android\Android Studio1\jre\bin\VCRUNTIME140.dll
0x00007ff8eadd0000 - 0x00007ff8eaf70000 	C:\Windows\System32\USER32.dll
0x00007ff8e9b90000 - 0x00007ff8e9bb2000 	C:\Windows\System32\win32u.dll
0x00007ff8ead00000 - 0x00007ff8ead2a000 	C:\Windows\System32\GDI32.dll
0x00007ff8e9d50000 - 0x00007ff8e9e5b000 	C:\Windows\System32\gdi32full.dll
0x00007ff8e9c30000 - 0x00007ff8e9ccd000 	C:\Windows\System32\msvcp_win.dll
0x00007ff8dcdc0000 - 0x00007ff8dd05a000 	C:\Windows\WinSxS\amd64_microsoft.windows.common-controls_6595b64144ccf1df_6.0.19041.1110_none_60b5254171f9507e\COMCTL32.dll
0x00007ff8ead30000 - 0x00007ff8eadce000 	C:\Windows\System32\msvcrt.dll
0x00007ff8eacd0000 - 0x00007ff8ead00000 	C:\Windows\System32\IMM32.DLL
0x00007ff8bbc20000 - 0x00007ff8bbcbd000 	C:\Program Files\Android\Android Studio1\jre\bin\msvcp140.dll
0x00007ff8a4450000 - 0x00007ff8a4f25000 	C:\Program Files\Android\Android Studio1\jre\bin\server\jvm.dll
0x00007ff8e9e60000 - 0x00007ff8e9f0e000 	C:\Windows\System32\ADVAPI32.dll
0x00007ff8ea8e0000 - 0x00007ff8ea97c000 	C:\Windows\System32\sechost.dll
0x00007ff8eaa90000 - 0x00007ff8eabb5000 	C:\Windows\System32\RPCRT4.dll
0x00007ff8ea450000 - 0x00007ff8ea458000 	C:\Windows\System32\PSAPI.DLL
0x00007ff8da560000 - 0x00007ff8da569000 	C:\Windows\SYSTEM32\WSOCK32.dll
0x00007ff8eaf70000 - 0x00007ff8eafdb000 	C:\Windows\System32\WS2_32.dll
0x00007ff8da410000 - 0x00007ff8da437000 	C:\Windows\SYSTEM32\WINMM.dll
0x00007ff8e01d0000 - 0x00007ff8e01da000 	C:\Windows\SYSTEM32\VERSION.dll
0x00007ff8e8080000 - 0x00007ff8e8092000 	C:\Windows\SYSTEM32\kernel.appcore.dll
0x00007ff8e3730000 - 0x00007ff8e3741000 	C:\Program Files\Android\Android Studio1\jre\bin\verify.dll
0x00007ff8e6be0000 - 0x00007ff8e6dc4000 	C:\Windows\SYSTEM32\DBGHELP.DLL
0x00007ff8e0390000 - 0x00007ff8e03bc000 	C:\Windows\SYSTEM32\dbgcore.DLL
0x00007ff8e9520000 - 0x00007ff8e95a2000 	C:\Windows\System32\bcryptPrimitives.dll
0x00007ff8cfe70000 - 0x00007ff8cfe99000 	C:\Program Files\Android\Android Studio1\jre\bin\java.dll
0x00007ff8e3390000 - 0x00007ff8e339b000 	C:\Program Files\Android\Android Studio1\jre\bin\jimage.dll
0x00007ff8e2670000 - 0x00007ff8e2688000 	C:\Program Files\Android\Android Studio1\jre\bin\zip.dll

dbghelp: loaded successfully - version: 4.0.5 - missing functions: none
symbol engine: initialized successfully - sym options: 0x614 - pdb path: .;C:\Program Files\Android\Android Studio1\jre\bin;C:\Windows\SYSTEM32;C:\Windows\WinSxS\amd64_microsoft.windows.common-controls_6595b64144ccf1df_6.0.19041.1110_none_60b5254171f9507e;C:\Program Files\Android\Android Studio1\jre\bin\server

VM Arguments:
java_command: org.jetbrains.git4idea.http.GitAskPassApp Username for 'https://github.com': 
java_class_path (initial): C:/Program Files/Android/Android Studio1/plugins/git4idea/lib/git4idea-rt.jar;C:/Program Files/Android/Android Studio1/lib/xmlrpc-2.0.1.jar;C:/Program Files/Android/Android Studio1/lib/commons-codec-1.15.jar
Launcher Type: SUN_STANDARD

[Global flags]
     intx CICompilerCount                          = 4                                         {product} {ergonomic}
     uint ConcGCThreads                            = 2                                         {product} {ergonomic}
     uint G1ConcRefinementThreads                  = 8                                         {product} {ergonomic}
   size_t G1HeapRegionSize                         = 1048576                                   {product} {ergonomic}
    uintx GCDrainStackTargetSize                   = 64                                        {product} {ergonomic}
   size_t InitialHeapSize                          = 201326592                                 {product} {ergonomic}
   size_t MarkStackSize                            = 4194304                                   {product} {ergonomic}
   size_t MaxHeapSize                              = 3200253952                                {product} {ergonomic}
   size_t MinHeapDeltaBytes                        = 1048576                                   {product} {ergonomic}
    uintx NonNMethodCodeHeapSize                   = 5836300                                {pd product} {ergonomic}
    uintx NonProfiledCodeHeapSize                  = 122910970                              {pd product} {ergonomic}
    uintx ProfiledCodeHeapSize                     = 122910970                              {pd product} {ergonomic}
    uintx ReservedCodeCacheSize                    = 251658240                              {pd product} {ergonomic}
     bool SegmentedCodeCache                       = true                                      {product} {ergonomic}
     bool UseCompressedClassPointers               = true                                 {lp64_product} {ergonomic}
     bool UseCompressedOops                        = true                                 {lp64_product} {ergonomic}
     bool UseG1GC                                  = true                                      {product} {ergonomic}
     bool UseLargePagesIndividualAllocation        = false                                  {pd product} {ergonomic}

Logging:
Log output configuration:
 #0: stdout all=warning uptime,level,tags
 #1: stderr all=off uptime,level,tags

Environment Variables:
JAVA_HOME=C:\Program Files\Java\jdk-16.0.1
PATH=C:\Program Files\Git\mingw64\libexec\git-core;C:\Program Files\Git\mingw64\libexec\git-core;C:\Program Files\Git\mingw64\bin;C:\Program Files\Git\usr\bin;C:\Users\C-ROAD\bin;C:\Program Files\AdoptOpenJDK\jdk-11.0.11.9-hotspot\bin;C:\Program Files\Common Files\Oracle\Java\javapath;C:\Program Files\Java\jdk-11.0.10;C:\Program Files\OpenJDK\openjdk-8u282-b08\bin;C:\Windows\System32\WindowsPowerShell\v1.0;C:\ProgramData\chocolatey\bin;C:\Program Files\nodejs;CUsersC-ROADDesktop\mingw-w64-v8.0.2;C:\Program Files\Git\cmd;C:\src\flutter\bin;C:\Users\C-ROAD\Downloads\Git-2.31.1-64-bit;C:\Users\C-ROAD\AppData\Local\Microsoft\WindowsApps;C:\src\flutter\bin;C:\Users\C-ROAD\AppData\Local\Yarn\bin;C:\Users\C-ROAD\AppData\Local\Android\Sdk\platform-tools;C:\Windows\System32;C:\Users\C-ROAD\AppData\Roaming\npm;C:\tools\dart-sdk\bin;C:\Users\C-ROAD\AppData\Roaming\Pub\Cache\bin;C:\Users\C-ROAD\AppData\Local\Programs\Microsoft VS Code\bin;C:\Users\C-ROAD\Downloads\jdk-16.0.1_windows-x64_bin\jdk-16.0.1;C:\Windows\System32\WindowsPowerShell\v1.0
USERNAME=C-ROAD
DISPLAY=:0.0
LC_ALL=en_US.UTF-8
OS=Windows_NT
PROCESSOR_IDENTIFIER=Intel64 Family 6 Model 142 Stepping 10, GenuineIntel



---------------  S Y S T E M  ---------------

OS: Windows 10 , 64 bit Build 19041 (10.0.19041.1706)
OS uptime: 9 days 12:50 hours

CPU:total 8 (initial active 8) (4 cores per cpu, 2 threads per core) family 6 model 142 stepping 10 microcode 0xb4, cmov, cx8, fxsr, mmx, sse, sse2, sse3, ssse3, sse4.1, sse4.2, popcnt, avx, avx2, aes, clmul, erms, 3dnowpref, lzcnt, ht, tsc, tscinvbit, bmi1, bmi2, adx, fma

Memory: 4k page, system-wide physical 12202M (150M free)
TotalPageFile size 27202M (AvailPageFile size 137M)
current process WorkingSet (physical memory assigned to process): 10M, peak: 10M
current process commit charge ("private bytes"): 60M, peak: 252M

vm_info: OpenJDK 64-Bit Server VM (11.0.11+9-b60-7590822) for windows-amd64 JRE (11.0.11+9-b60-7590822), built on Jul 29 2021 21:43:44 by "builder" with MS VC++ 14.0 (VS2015)

END.
